<?xml version="1.0" encoding="UTF-8"?>
<!-- Generated by org.testng.reporters.JUnitReportReporter -->
<testsuite hostname="IN-PG02P4WW" failures="0" tests="2" name="com.Amazon.tests.addToCartTest" time="21.646" errors="0" timestamp="2022-05-21T12:36:12 IST" skipped="0">
  <testcase classname="com.Amazon.tests.addToCartTest" name="addToCart" time="16.686"/>
  <system-out/>
  <testcase classname="com.Amazon.tests.addToCartTest" name="findBlankText" time="4.960"/>
  <system-out/>
</testsuite> <!-- com.Amazon.tests.addToCartTest -->
