<?xml version="1.0" encoding="UTF-8"?>
<!-- Generated by org.testng.reporters.JUnitReportReporter -->
<testsuite hostname="IN-PG02H8Q2" failures="0" tests="1" name="com.Amazon.tests.dragAndDropItemTo_SearchBox_Test" time="9.090" errors="0" timestamp="2022-03-02T17:59:59 IST" skipped="0">
  <testcase classname="com.Amazon.tests.dragAndDropItemTo_SearchBox_Test" name="drag" time="9.090"/>
  <system-out/>
</testsuite> <!-- com.Amazon.tests.dragAndDropItemTo_SearchBox_Test -->
