<?xml version="1.0" encoding="UTF-8"?>
<!-- Generated by org.testng.reporters.JUnitReportReporter -->
<testsuite hostname="IN-PG02P4WW" failures="0" tests="2" name="com.Amazon.tests.SignInTest" time="6.994" errors="0" timestamp="2022-05-21T12:36:12 IST" skipped="0">
  <testcase classname="com.Amazon.tests.SignInTest" name="validLogin" time="3.959"/>
  <system-out/>
  <testcase classname="com.Amazon.tests.SignInTest" name="invaildLogin" time="3.035"/>
  <system-out/>
</testsuite> <!-- com.Amazon.tests.SignInTest -->
