<?xml version="1.0" encoding="UTF-8"?>
<!-- Generated by org.testng.reporters.JUnitReportReporter -->
<testsuite hostname="IN-PG02P4WW" failures="0" tests="1" name="com.Amazon.tests.forwardAndBackward_Pic_Test" time="3.824" errors="0" timestamp="2022-05-21T12:36:12 IST" skipped="0">
  <testcase classname="com.Amazon.tests.forwardAndBackward_Pic_Test" name="clickOnImage" time="3.824"/>
  <system-out/>
</testsuite> <!-- com.Amazon.tests.forwardAndBackward_Pic_Test -->
