<?xml version="1.0" encoding="UTF-8"?>
<!-- Generated by org.testng.reporters.JUnitReportReporter -->
<testsuite hostname="IN-PG02P4WW" failures="0" tests="3" name="com.Amazon.tests.YourAccountSection_Test" time="16.764" errors="0" timestamp="2022-05-21T12:36:12 IST" skipped="0">
  <testcase classname="com.Amazon.tests.YourAccountSection_Test" name="payementOption" time="5.093"/>
  <system-out/>
  <testcase classname="com.Amazon.tests.YourAccountSection_Test" name="yourOrder" time="6.324"/>
  <system-out/>
  <testcase classname="com.Amazon.tests.YourAccountSection_Test" name="signInandSecurity" time="5.347"/>
  <system-out/>
</testsuite> <!-- com.Amazon.tests.YourAccountSection_Test -->
