<?xml version="1.0" encoding="UTF-8"?>
<!-- Generated by org.testng.reporters.JUnitReportReporter -->
<testsuite hostname="IN-PG02P4WW" failures="0" tests="1" name="com.Amazon.tests.changeCountry_Test" time="23.397" errors="0" timestamp="2022-05-21T12:36:12 IST" skipped="0">
  <testcase classname="com.Amazon.tests.changeCountry_Test" name="clickOnCountry_Button" time="23.397"/>
  <system-out/>
</testsuite> <!-- com.Amazon.tests.changeCountry_Test -->
